[18Dec2024 00:31:28.422] [Server thread/INFO] [net.minecraft.server.MinecraftServer/]: MazeHero547 has made the advancement [Monster Hunter]
[18Dec2024 00:37:14.358] [Server thread/INFO] [Easy NPC/]: Define custom server-side data for Villager['Default (None)'/11815, l='ServerLevel[world]', x=0.00, y=0.00, z=0.00] ...
[18Dec2024 00:37:14.359] [Server thread/INFO] [Easy NPC/]: Register default handler for Villager['Default (None)'/11815, l='ServerLevel[world]', x=0.00, y=0.00, z=0.00] with variant DEFAULT ...
[18Dec2024 00:37:14.359] [Server thread/INFO] [Easy NPC/]: Finalize spawn for Villager['Default (None)'/11815, l='ServerLevel[world]', x=71.50, y=119.00, z=30.50] ...
[18Dec2024 00:37:14.360] [Server thread/INFO] [Easy NPC/]: Register default action interaction events for Villager['Default (None)'/11815, l='ServerLevel[world]', x=71.50, y=119.00, z=30.50] ...
[18Dec2024 00:37:18.756] [Server thread/INFO] [Easy NPC/]: Define custom server-side data for Villager['Default (None)'/11827, l='ServerLevel[world]', x=0.00, y=0.00, z=0.00] ...
[18Dec2024 00:37:18.756] [Server thread/INFO] [Easy NPC/]: Register default handler for Villager['Default (None)'/11827, l='ServerLevel[world]', x=0.00, y=0.00, z=0.00] with variant DEFAULT ...
[18Dec2024 00:37:18.757] [Server thread/INFO] [Easy NPC/]: Finalize spawn for Villager['Default (None)'/11827, l='ServerLevel[world]', x=63.50, y=119.00, z=38.50] ...
[18Dec2024 00:37:18.757] [Server thread/INFO] [Easy NPC/]: Register default action interaction events for Villager['Default (None)'/11827, l='ServerLevel[world]', x=63.50, y=119.00, z=38.50] ...
[18Dec2024 00:37:22.656] [Server thread/INFO] [Easy NPC/]: Define custom server-side data for Villager['Default (None)'/11839, l='ServerLevel[world]', x=0.00, y=0.00, z=0.00] ...
[18Dec2024 00:37:22.656] [Server thread/INFO] [Easy NPC/]: Register default handler for Villager['Default (None)'/11839, l='ServerLevel[world]', x=0.00, y=0.00, z=0.00] with variant DEFAULT ...
[18Dec2024 00:37:22.657] [Server thread/INFO] [Easy NPC/]: Finalize spawn for Villager['Default (None)'/11839, l='ServerLevel[world]', x=53.50, y=119.00, z=38.50] ...
[18Dec2024 00:37:22.657] [Server thread/INFO] [Easy NPC/]: Register default action interaction events for Villager['Default (None)'/11839, l='ServerLevel[world]', x=53.50, y=119.00, z=38.50] ...
[18Dec2024 00:37:26.254] [Server thread/INFO] [Easy NPC/]: Define custom server-side data for Villager['Default (None)'/11851, l='ServerLevel[world]', x=0.00, y=0.00, z=0.00] ...
[18Dec2024 00:37:26.255] [Server thread/INFO] [Easy NPC/]: Register default handler for Villager['Default (None)'/11851, l='ServerLevel[world]', x=0.00, y=0.00, z=0.00] with variant DEFAULT ...
[18Dec2024 00:37:26.256] [Server thread/INFO] [Easy NPC/]: Finalize spawn for Villager['Default (None)'/11851, l='ServerLevel[world]', x=45.50, y=119.00, z=30.50] ...
[18Dec2024 00:37:26.256] [Server thread/INFO] [Easy NPC/]: Register default action interaction events for Villager['Default (None)'/11851, l='ServerLevel[world]', x=45.50, y=119.00, z=30.50] ...
[18Dec2024 00:37:30.957] [Server thread/INFO] [Easy NPC/]: Define custom server-side data for Villager['Default (None)'/11870, l='ServerLevel[world]', x=0.00, y=0.00, z=0.00] ...
[18Dec2024 00:37:30.957] [Server thread/INFO] [Easy NPC/]: Register default handler for Villager['Default (None)'/11870, l='ServerLevel[world]', x=0.00, y=0.00, z=0.00] with variant DEFAULT ...
[18Dec2024 00:37:30.958] [Server thread/INFO] [Easy NPC/]: Finalize spawn for Villager['Default (None)'/11870, l='ServerLevel[world]', x=45.50, y=119.00, z=20.50] ...
[18Dec2024 00:37:30.958] [Server thread/INFO] [Easy NPC/]: Register default action interaction events for Villager['Default (None)'/11870, l='ServerLevel[world]', x=45.50, y=119.00, z=20.50] ...
[18Dec2024 00:37:35.904] [Server thread/INFO] [Easy NPC/]: Define custom server-side data for Villager['Default (None)'/11882, l='ServerLevel[world]', x=0.00, y=0.00, z=0.00] ...
[18Dec2024 00:37:35.905] [Server thread/INFO] [Easy NPC/]: Register default handler for Villager['Default (None)'/11882, l='ServerLevel[world]', x=0.00, y=0.00, z=0.00] with variant DEFAULT ...
[18Dec2024 00:37:35.906] [Server thread/INFO] [Easy NPC/]: Finalize spawn for Villager['Default (None)'/11882, l='ServerLevel[world]', x=71.50, y=119.00, z=20.50] ...
[18Dec2024 00:37:35.906] [Server thread/INFO] [Easy NPC/]: Register default action interaction events for Villager['Default (None)'/11882, l='ServerLevel[world]', x=71.50, y=119.00, z=20.50] ...
[18Dec2024 00:39:43.491] [Server thread/INFO] [Easy NPC/]: Opening menu e40f1e5d-de5a-4d26-8aae-b3ae0749c0ab for npc 10f033bd-dfa6-4a6c-8ea3-7cabde49e194 and player ServerPlayer['MazeHero547'/275, l='ServerLevel[world]', x=69.70, y=119.00, z=20.41] with ConfigurationMenu.MAIN[translation{key='text.easy_npc.config.main.title', args=[Default (None)]}]
[18Dec2024 00:39:47.147] [Server thread/INFO] [Easy NPC/]: Opening menu d6e6c3c5-1ed6-4c8c-99ea-9f36400d075c for npc 10f033bd-dfa6-4a6c-8ea3-7cabde49e194 and player ServerPlayer['MazeHero547'/275, l='ServerLevel[world]', x=69.70, y=119.00, z=20.41] with ConfigurationMenu.DEFAULT_SKIN[translation{key='text.easy_npc.config.default_skin.title', args=[Default (None)]}]
[18Dec2024 00:40:00.496] [Server thread/INFO] [Easy NPC/]: Opening menu 501e0202-a401-4f95-867f-42ba8d2cc732 for npc 10f033bd-dfa6-4a6c-8ea3-7cabde49e194 and player ServerPlayer['MazeHero547'/275, l='ServerLevel[world]', x=69.70, y=119.00, z=20.41] with ConfigurationMenu.CUSTOM_SKIN[translation{key='text.easy_npc.config.custom_skin.title', args=[Default (None)]}]
[18Dec2024 00:40:03.245] [Server thread/INFO] [Easy NPC/]: Opening menu 08a3f4e6-7cba-4e46-817a-2674ec43123c for npc 10f033bd-dfa6-4a6c-8ea3-7cabde49e194 and player ServerPlayer['MazeHero547'/275, l='ServerLevel[world]', x=69.70, y=119.00, z=20.41] with ConfigurationMenu.DEFAULT_SKIN[translation{key='text.easy_npc.config.default_skin.title', args=[Default (None)]}]
[18Dec2024 00:41:12.699] [Server thread/INFO] [Easy NPC/]: Opening menu be0f7c96-13be-4588-9fde-5a714f735423 for npc 10f033bd-dfa6-4a6c-8ea3-7cabde49e194 and player ServerPlayer['MazeHero547'/275, l='ServerLevel[world]', x=69.70, y=119.00, z=20.41] with ConfigurationMenu.MAIN[translation{key='text.easy_npc.config.main.title', args=[Desert (Mason)]}]
[18Dec2024 00:41:23.940] [Server thread/INFO] [Easy NPC/]: Opening menu d011449c-1cc6-4a49-b314-0a9f467508c9 for npc 10f033bd-dfa6-4a6c-8ea3-7cabde49e194 and player ServerPlayer['MazeHero547'/275, l='ServerLevel[world]', x=69.70, y=119.00, z=20.41] with ConfigurationMenu.NONE_TRADING[translation{key='text.easy_npc.config.none_trading.title', args=[Desert (Mason)]}]
[18Dec2024 00:41:25.556] [Server thread/INFO] [Easy NPC/]: Opening menu d20d0071-1d60-48c6-a8ed-29754d8ca824 for npc 10f033bd-dfa6-4a6c-8ea3-7cabde49e194 and player ServerPlayer['MazeHero547'/275, l='ServerLevel[world]', x=69.70, y=119.00, z=20.41] with AdvancedTradingConfigurationMenu[translation{key='text.easy_npc.config.advanced_trading.title', args=[Desert (Mason)]}]
[18Dec2024 00:41:48.492] [Server thread/INFO] [net.minecraft.server.MinecraftServer/]: MazeHero547 has made the advancement [Dark Metallurgy]
[18Dec2024 00:44:24.742] [Server thread/INFO] [Easy NPC/]: Opening menu 0c82aca7-3ca4-4034-818a-1941e786027d for npc 10f033bd-dfa6-4a6c-8ea3-7cabde49e194 and player ServerPlayer['MazeHero547'/275, l='ServerLevel[world]', x=69.70, y=119.00, z=20.40] with ConfigurationMenu.MAIN[translation{key='text.easy_npc.config.main.title', args=[Desert (Mason)]}]
[18Dec2024 00:44:26.141] [Server thread/INFO] [Easy NPC/]: Opening menu bba99f5d-87e3-4696-9b3c-32488aa54c84 for npc 10f033bd-dfa6-4a6c-8ea3-7cabde49e194 and player ServerPlayer['MazeHero547'/275, l='ServerLevel[world]', x=69.70, y=119.00, z=20.40] with ConfigurationMenu.NONE_TRADING[translation{key='text.easy_npc.config.none_trading.title', args=[Desert (Mason)]}]
[18Dec2024 00:44:27.390] [Server thread/INFO] [Easy NPC/]: Opening menu f6fc0722-fe0c-43db-ae44-004f5a8e1e24 for npc 10f033bd-dfa6-4a6c-8ea3-7cabde49e194 and player ServerPlayer['MazeHero547'/275, l='ServerLevel[world]', x=69.70, y=119.00, z=20.40] with AdvancedTradingConfigurationMenu[translation{key='text.easy_npc.config.advanced_trading.title', args=[Desert (Mason)]}]
[18Dec2024 00:45:30.853] [Server thread/INFO] [Easy NPC/]: Opening menu e3e0b434-3a42-48a0-85b6-ca3a587faa0b for npc 10f033bd-dfa6-4a6c-8ea3-7cabde49e194 and player ServerPlayer['MazeHero547'/275, l='ServerLevel[world]', x=69.70, y=119.00, z=20.40] with AdvancedTradingConfigurationMenu[translation{key='text.easy_npc.config.advanced_trading.title', args=[Desert (Mason)]}]
[18Dec2024 00:45:35.242] [Server thread/INFO] [Easy NPC/]: Opening menu de65d0ae-2ffd-437e-b6c3-efcf49f2efc2 for npc 10f033bd-dfa6-4a6c-8ea3-7cabde49e194 and player ServerPlayer['MazeHero547'/275, l='ServerLevel[world]', x=69.70, y=119.00, z=20.40] with AdvancedTradingConfigurationMenu[translation{key='text.easy_npc.config.advanced_trading.title', args=[Desert (Mason)]}]
[18Dec2024 00:45:37.189] [Server thread/INFO] [Easy NPC/]: Opening menu ca89ca09-3f2e-4d10-b661-2b4705eaf683 for npc 10f033bd-dfa6-4a6c-8ea3-7cabde49e194 and player ServerPlayer['MazeHero547'/275, l='ServerLevel[world]', x=69.70, y=119.00, z=20.40] with AdvancedTradingConfigurationMenu[translation{key='text.easy_npc.config.advanced_trading.title', args=[Desert (Mason)]}]
[18Dec2024 00:46:49.399] [Server thread/INFO] [Easy NPC/]: Opening menu a1bd11a2-cef3-4b76-b4bd-453818d31f74 for npc 10f033bd-dfa6-4a6c-8ea3-7cabde49e194 and player ServerPlayer['MazeHero547'/275, l='ServerLevel[world]', x=69.70, y=119.00, z=20.40] with AdvancedTradingConfigurationMenu[translation{key='text.easy_npc.config.advanced_trading.title', args=[Desert (Mason)]}]
[18Dec2024 00:48:08.797] [Server thread/INFO] [Easy NPC/]: Opening menu 2b62ea5b-fdea-46a4-9ddb-fb2bf17ddc74 for npc 10f033bd-dfa6-4a6c-8ea3-7cabde49e194 and player ServerPlayer['MazeHero547'/275, l='ServerLevel[world]', x=69.70, y=119.00, z=20.40] with AdvancedTradingConfigurationMenu[translation{key='text.easy_npc.config.advanced_trading.title', args=[Desert (Mason)]}]
[18Dec2024 00:48:36.096] [Server thread/INFO] [Easy NPC/]: Opening menu ceb025e2-39a2-4566-a0ab-2c38fd622a47 for npc 10f033bd-dfa6-4a6c-8ea3-7cabde49e194 and player ServerPlayer['MazeHero547'/275, l='ServerLevel[world]', x=69.20, y=119.00, z=20.00] with ConfigurationMenu.MAIN[translation{key='text.easy_npc.config.main.title', args=[Desert (Mason)]}]
[18Dec2024 00:48:37.479] [Server thread/INFO] [Easy NPC/]: Opening menu 5a6c270a-5e70-401d-98c1-85aa3d3f2c4a for npc 10f033bd-dfa6-4a6c-8ea3-7cabde49e194 and player ServerPlayer['MazeHero547'/275, l='ServerLevel[world]', x=69.20, y=119.00, z=20.00] with AdvancedTradingConfigurationMenu[translation{key='text.easy_npc.config.advanced_trading.title', args=[Desert (Mason)]}]
[18Dec2024 00:48:39.595] [Server thread/INFO] [Easy NPC/]: Opening menu 7886d818-955b-4857-a33e-bd5252d4125c for npc 10f033bd-dfa6-4a6c-8ea3-7cabde49e194 and player ServerPlayer['MazeHero547'/275, l='ServerLevel[world]', x=69.20, y=119.00, z=20.00] with AdvancedTradingConfigurationMenu[translation{key='text.easy_npc.config.advanced_trading.title', args=[Desert (Mason)]}]
[18Dec2024 00:48:39.712] [Server thread/INFO] [Easy NPC/]: Opening menu ff04eed6-0707-41d0-87f4-177bbd855bcc for npc 10f033bd-dfa6-4a6c-8ea3-7cabde49e194 and player ServerPlayer['MazeHero547'/275, l='ServerLevel[world]', x=69.20, y=119.00, z=20.00] with AdvancedTradingConfigurationMenu[translation{key='text.easy_npc.config.advanced_trading.title', args=[Desert (Mason)]}]
[18Dec2024 00:48:39.817] [Server thread/INFO] [Easy NPC/]: Opening menu 53044152-72b9-40b1-ab98-184dd33165cd for npc 10f033bd-dfa6-4a6c-8ea3-7cabde49e194 and player ServerPlayer['MazeHero547'/275, l='ServerLevel[world]', x=69.20, y=119.00, z=20.00] with AdvancedTradingConfigurationMenu[translation{key='text.easy_npc.config.advanced_trading.title', args=[Desert (Mason)]}]
[18Dec2024 00:48:40.031] [Server thread/INFO] [Easy NPC/]: Opening menu b466fd53-9ea5-4b1c-b5e1-919ea2715e4d for npc 10f033bd-dfa6-4a6c-8ea3-7cabde49e194 and player ServerPlayer['MazeHero547'/275, l='ServerLevel[world]', x=69.20, y=119.00, z=20.00] with AdvancedTradingConfigurationMenu[translation{key='text.easy_npc.config.advanced_trading.title', args=[Desert (Mason)]}]
[18Dec2024 00:48:45.345] [Server thread/INFO] [Easy NPC/]: Opening menu 52a2c422-4cde-466d-b211-d4813594dbab for npc 10f033bd-dfa6-4a6c-8ea3-7cabde49e194 and player ServerPlayer['MazeHero547'/275, l='ServerLevel[world]', x=69.20, y=119.00, z=20.00] with AdvancedTradingConfigurationMenu[translation{key='text.easy_npc.config.advanced_trading.title', args=[Desert (Mason)]}]
[18Dec2024 00:49:52.126] [Server thread/INFO] [Easy NPC/]: Opening menu ae734a4d-629c-423d-a2f1-678aec3ffbf1 for npc 10f033bd-dfa6-4a6c-8ea3-7cabde49e194 and player ServerPlayer['MazeHero547'/275, l='ServerLevel[world]', x=69.20, y=119.00, z=20.00] with ConfigurationMenu.MAIN[translation{key='text.easy_npc.config.main.title', args=[Desert (Mason)]}]
[18Dec2024 00:49:53.692] [Server thread/INFO] [Easy NPC/]: Opening menu 305bf7d9-912b-49e2-8ac7-864b9176366b for npc 10f033bd-dfa6-4a6c-8ea3-7cabde49e194 and player ServerPlayer['MazeHero547'/275, l='ServerLevel[world]', x=69.20, y=119.00, z=20.00] with AdvancedTradingConfigurationMenu[translation{key='text.easy_npc.config.advanced_trading.title', args=[Desert (Mason)]}]
[18Dec2024 00:49:55.242] [Server thread/INFO] [Easy NPC/]: Opening menu 0e86db52-fafa-4439-b43d-836bbdf9ef95 for npc 10f033bd-dfa6-4a6c-8ea3-7cabde49e194 and player ServerPlayer['MazeHero547'/275, l='ServerLevel[world]', x=69.20, y=119.00, z=20.00] with AdvancedTradingConfigurationMenu[translation{key='text.easy_npc.config.advanced_trading.title', args=[Desert (Mason)]}]
[18Dec2024 00:49:55.592] [Server thread/INFO] [Easy NPC/]: Opening menu 52b4532d-a813-49e4-b06d-a14eab7552a6 for npc 10f033bd-dfa6-4a6c-8ea3-7cabde49e194 and player ServerPlayer['MazeHero547'/275, l='ServerLevel[world]', x=69.20, y=119.00, z=20.00] with AdvancedTradingConfigurationMenu[translation{key='text.easy_npc.config.advanced_trading.title', args=[Desert (Mason)]}]
[18Dec2024 00:49:55.943] [Server thread/INFO] [Easy NPC/]: Opening menu 63d7d653-9c91-498b-a624-bfd0b026709f for npc 10f033bd-dfa6-4a6c-8ea3-7cabde49e194 and player ServerPlayer['MazeHero547'/275, l='ServerLevel[world]', x=69.20, y=119.00, z=20.00] with AdvancedTradingConfigurationMenu[translation{key='text.easy_npc.config.advanced_trading.title', args=[Desert (Mason)]}]
[18Dec2024 00:49:57.975] [Server thread/INFO] [Easy NPC/]: Opening menu 2b46c746-9b46-4c8b-a6d1-8a670051bc41 for npc 10f033bd-dfa6-4a6c-8ea3-7cabde49e194 and player ServerPlayer['MazeHero547'/275, l='ServerLevel[world]', x=69.20, y=119.00, z=20.00] with AdvancedTradingConfigurationMenu[translation{key='text.easy_npc.config.advanced_trading.title', args=[Desert (Mason)]}]
[18Dec2024 00:50:18.841] [Server thread/INFO] [Easy NPC/]: Opening menu 610b8698-938c-4ffc-9c19-799d53e2e727 for npc 10f033bd-dfa6-4a6c-8ea3-7cabde49e194 and player ServerPlayer['MazeHero547'/275, l='ServerLevel[world]', x=69.20, y=119.00, z=20.00] with ConfigurationMenu.MAIN[translation{key='text.easy_npc.config.main.title', args=[Desert (Mason)]}]
[18Dec2024 00:50:43.941] [Server thread/INFO] [Easy NPC/]: Opening menu b0889c01-40db-453b-96e9-bb11872f70e8 for npc c14a7063-9b03-484a-b136-e4566dad8065 and player ServerPlayer['MazeHero547'/275, l='ServerLevel[world]', x=69.36, y=119.00, z=30.78] with ConfigurationMenu.MAIN[translation{key='text.easy_npc.config.main.title', args=[Default (None)]}]
[18Dec2024 00:50:49.290] [Server thread/INFO] [Easy NPC/]: Opening menu 3c5b1ad5-f393-49c3-84ec-a976537e6db9 for npc c14a7063-9b03-484a-b136-e4566dad8065 and player ServerPlayer['MazeHero547'/275, l='ServerLevel[world]', x=69.70, y=119.00, z=30.03] with ConfigurationMenu.MAIN[translation{key='text.easy_npc.config.main.title', args=[Default (None)]}]
[18Dec2024 00:50:51.391] [Server thread/INFO] [Easy NPC/]: Opening menu 05d5912f-650e-4a82-9ade-b6b6e36ffb0d for npc c14a7063-9b03-484a-b136-e4566dad8065 and player ServerPlayer['MazeHero547'/275, l='ServerLevel[world]', x=69.70, y=119.00, z=30.04] with ConfigurationMenu.DEFAULT_SKIN[translation{key='text.easy_npc.config.default_skin.title', args=[Default (None)]}]
[18Dec2024 00:51:43.542] [Server thread/INFO] [Easy NPC/]: Opening menu f16e3a56-058a-403d-a567-26da0f98fcbf for npc c14a7063-9b03-484a-b136-e4566dad8065 and player ServerPlayer['MazeHero547'/275, l='ServerLevel[world]', x=69.70, y=119.00, z=30.04] with ConfigurationMenu.MAIN[translation{key='text.easy_npc.config.main.title', args=[Savanna (Weapons]}]
[18Dec2024 00:52:27.970] [Server thread/INFO] [Easy NPC/]: Opening menu 26dcd69a-97a5-4a71-9d1e-e27de3824475 for npc 10f033bd-dfa6-4a6c-8ea3-7cabde49e194 and player ServerPlayer['MazeHero547'/275, l='ServerLevel[world]', x=69.70, y=119.00, z=20.90] with ConfigurationMenu.MAIN[translation{key='text.easy_npc.config.main.title', args=[Desert (Mason)]}]
[18Dec2024 00:52:50.892] [Server thread/INFO] [Easy NPC/]: Opening menu 88723722-a389-4923-9ed8-1c6931dfef3d for npc c14a7063-9b03-484a-b136-e4566dad8065 and player ServerPlayer['MazeHero547'/275, l='ServerLevel[world]', x=69.70, y=119.00, z=30.72] with ConfigurationMenu.MAIN[translation{key='text.easy_npc.config.main.title', args=[Steven]}]
[18Dec2024 00:53:01.452] [Server thread/INFO] [Easy NPC/]: Opening menu 29e1771e-abda-4a80-a135-214a58ed9505 for npc 22332e9a-ba0d-44b4-872d-4559207cb2f3 and player ServerPlayer['MazeHero547'/275, l='ServerLevel[world]', x=63.52, y=119.00, z=36.35] with ConfigurationMenu.MAIN[translation{key='text.easy_npc.config.main.title', args=[Default (None)]}]
[18Dec2024 00:53:23.518] [Server thread/INFO] [Easy NPC/]: Opening menu 5c2fd33b-b191-4b9b-889a-456cd0340c16 for npc 22332e9a-ba0d-44b4-872d-4559207cb2f3 and player ServerPlayer['MazeHero547'/275, l='ServerLevel[world]', x=63.52, y=119.00, z=36.36] with ConfigurationMenu.DEFAULT_SKIN[translation{key='text.easy_npc.config.default_skin.title', args=[Default (None)]}]
[18Dec2024 00:53:42.442] [Server thread/INFO] [Easy NPC/]: Opening menu 54848ad8-4352-4fa7-aa0a-afa38faf738b for npc 22332e9a-ba0d-44b4-872d-4559207cb2f3 and player ServerPlayer['MazeHero547'/275, l='ServerLevel[world]', x=63.52, y=119.00, z=36.36] with ConfigurationMenu.NONE_SKIN[translation{key='text.easy_npc.config.none_skin.title', args=[Snow (Cartograph]}]
[18Dec2024 00:53:43.766] [Server thread/INFO] [Easy NPC/]: Opening menu 33615d13-f266-4187-8ffe-cb6622b9bfe2 for npc 22332e9a-ba0d-44b4-872d-4559207cb2f3 and player ServerPlayer['MazeHero547'/275, l='ServerLevel[world]', x=63.52, y=119.00, z=36.36] with ConfigurationMenu.MAIN[translation{key='text.easy_npc.config.main.title', args=[Snow (Cartograph]}]
[18Dec2024 00:54:04.553] [Server thread/INFO] [Easy NPC/]: Opening menu 72e62a25-1fe3-417b-aad3-99921212aa92 for npc c14a7063-9b03-484a-b136-e4566dad8065 and player ServerPlayer['MazeHero547'/275, l='ServerLevel[world]', x=69.62, y=119.00, z=30.71] with ConfigurationMenu.MAIN[translation{key='text.easy_npc.config.main.title', args=[Steven]}]
[18Dec2024 00:54:05.648] [Server thread/INFO] [Easy NPC/]: Opening menu 8521149e-0e72-41ff-8ace-2351b2f7bac0 for npc c14a7063-9b03-484a-b136-e4566dad8065 and player ServerPlayer['MazeHero547'/275, l='ServerLevel[world]', x=69.62, y=119.00, z=30.71] with ConfigurationMenu.NONE_TRADING[translation{key='text.easy_npc.config.none_trading.title', args=[Steven]}]
[18Dec2024 00:54:06.955] [Server thread/INFO] [Easy NPC/]: Opening menu bede357e-3d6c-4c33-9378-e61b2c2b1794 for npc c14a7063-9b03-484a-b136-e4566dad8065 and player ServerPlayer['MazeHero547'/275, l='ServerLevel[world]', x=69.62, y=119.00, z=30.71] with AdvancedTradingConfigurationMenu[translation{key='text.easy_npc.config.advanced_trading.title', args=[Steven]}]
[18Dec2024 00:54:34.665] [Server thread/INFO] [Easy NPC/]: Opening menu e2ceec64-1194-4ca3-8b6a-6d402a057ce0 for npc c14a7063-9b03-484a-b136-e4566dad8065 and player ServerPlayer['MazeHero547'/275, l='ServerLevel[world]', x=69.62, y=119.00, z=30.71] with ConfigurationMenu.MAIN[translation{key='text.easy_npc.config.main.title', args=[Steven]}]
[18Dec2024 00:55:37.491] [Server thread/INFO] [net.minecraft.server.MinecraftServer/]: MazeHero547 has made the advancement [It Comes Back, Right?]
[18Dec2024 00:55:38.997] [Server thread/INFO] [net.minecraft.server.MinecraftServer/]: MazeHero547 has made the advancement [Can you hear it?]
[18Dec2024 00:55:42.842] [Server thread/INFO] [net.minecraft.server.MinecraftServer/]: MazeHero547 has made the advancement [Maybe Don't Touch it]
[18Dec2024 00:55:46.718] [Server thread/INFO] [net.minecraft.server.MinecraftServer/]: MazeHero547 has made the advancement [The Ire in Fire]
[18Dec2024 00:55:48.997] [Server thread/INFO] [net.minecraft.server.MinecraftServer/]: MazeHero547 has made the advancement [From The Shadows]
[18Dec2024 00:55:54.491] [Server thread/INFO] [net.minecraft.server.MinecraftServer/]: MazeHero547 has made the advancement [Lightning Strikes Twice]
[18Dec2024 00:55:56.402] [Server thread/INFO] [net.minecraft.server.MinecraftServer/]: MazeHero547 has made the advancement [Getting it Twisted]
[18Dec2024 00:56:11.590] [Server thread/INFO] [net.minecraft.server.MinecraftServer/]: MazeHero547 has made the advancement [Weather Controller]
[18Dec2024 00:56:15.592] [Server thread/INFO] [Easy NPC/]: Opening menu 42146cfa-cc8b-45b2-8ae1-928492385936 for npc c14a7063-9b03-484a-b136-e4566dad8065 and player ServerPlayer['MazeHero547'/275, l='ServerLevel[world]', x=69.70, y=119.00, z=30.65] with ConfigurationMenu.MAIN[translation{key='text.easy_npc.config.main.title', args=[Steven]}]
[18Dec2024 00:56:16.991] [Server thread/INFO] [Easy NPC/]: Opening menu 8c411af6-a89c-4abb-af27-8d6adb5756ef for npc c14a7063-9b03-484a-b136-e4566dad8065 and player ServerPlayer['MazeHero547'/275, l='ServerLevel[world]', x=69.70, y=119.00, z=30.65] with ConfigurationMenu.NONE_TRADING[translation{key='text.easy_npc.config.none_trading.title', args=[Steven]}]
[18Dec2024 01:00:18.691] [Server thread/INFO] [Easy NPC/]: Opening menu 2fedbfd4-4a2f-4a9b-ba06-cce8feebe334 for npc c14a7063-9b03-484a-b136-e4566dad8065 and player ServerPlayer['MazeHero547'/275, l='ServerLevel[world]', x=69.23, y=119.00, z=30.39] with ConfigurationMenu.MAIN[translation{key='text.easy_npc.config.main.title', args=[Steven]}]
[18Dec2024 01:00:19.847] [Server thread/INFO] [Easy NPC/]: Opening menu 8b7e26c3-5ff0-4a1c-8b62-fb6b63230c36 for npc c14a7063-9b03-484a-b136-e4566dad8065 and player ServerPlayer['MazeHero547'/275, l='ServerLevel[world]', x=69.23, y=119.00, z=30.39] with ConfigurationMenu.NONE_TRADING[translation{key='text.easy_npc.config.none_trading.title', args=[Steven]}]
[18Dec2024 01:00:21.803] [Server thread/INFO] [Easy NPC/]: Opening menu f7e3c61e-529d-479d-99c6-ff7a28e49f27 for npc c14a7063-9b03-484a-b136-e4566dad8065 and player ServerPlayer['MazeHero547'/275, l='ServerLevel[world]', x=69.23, y=119.00, z=30.39] with AdvancedTradingConfigurationMenu[translation{key='text.easy_npc.config.advanced_trading.title', args=[Steven]}]
[18Dec2024 01:01:22.209] [Server thread/INFO] [Easy NPC/]: Opening menu 8eed0d1a-25c9-4bda-9073-e83079e89d71 for npc c14a7063-9b03-484a-b136-e4566dad8065 and player ServerPlayer['MazeHero547'/275, l='ServerLevel[world]', x=69.23, y=119.00, z=30.39] with AdvancedTradingConfigurationMenu[translation{key='text.easy_npc.config.advanced_trading.title', args=[Steven]}]
[18Dec2024 01:02:21.293] [Server thread/INFO] [net.minecraft.server.MinecraftServer/]: MazeHero547 has made the advancement [Tooth Fairy]
[18Dec2024 01:02:38.264] [Server thread/INFO] [Easy NPC/]: Opening menu 5edde4ef-ef7a-44db-bf0f-7532fd222cc7 for npc c14a7063-9b03-484a-b136-e4566dad8065 and player ServerPlayer['MazeHero547'/275, l='ServerLevel[world]', x=69.23, y=119.00, z=30.39] with ConfigurationMenu.MAIN[translation{key='text.easy_npc.config.main.title', args=[Steven]}]
[18Dec2024 01:02:39.815] [Server thread/INFO] [Easy NPC/]: Opening menu 180ff86e-21eb-403c-bbe8-690943600015 for npc c14a7063-9b03-484a-b136-e4566dad8065 and player ServerPlayer['MazeHero547'/275, l='ServerLevel[world]', x=69.23, y=119.00, z=30.39] with AdvancedTradingConfigurationMenu[translation{key='text.easy_npc.config.advanced_trading.title', args=[Steven]}]
[18Dec2024 01:02:41.548] [Server thread/INFO] [Easy NPC/]: Opening menu 08073690-c8b6-4322-83ff-01bc66db6e15 for npc c14a7063-9b03-484a-b136-e4566dad8065 and player ServerPlayer['MazeHero547'/275, l='ServerLevel[world]', x=69.23, y=119.00, z=30.39] with AdvancedTradingConfigurationMenu[translation{key='text.easy_npc.config.advanced_trading.title', args=[Steven]}]
[18Dec2024 01:03:41.312] [Server thread/INFO] [Easy NPC/]: Opening menu 742fb876-5b11-4257-a345-f1e5b084c8a3 for npc c14a7063-9b03-484a-b136-e4566dad8065 and player ServerPlayer['MazeHero547'/275, l='ServerLevel[world]', x=69.23, y=119.00, z=30.39] with AdvancedTradingConfigurationMenu[translation{key='text.easy_npc.config.advanced_trading.title', args=[Steven]}]
